c:\users\administrador\desktop\enginegraficos2019\graficosclase1engine\engine\debug\vc141.pdb
c:\users\administrador\desktop\enginegraficos2019\graficosclase1engine\engine\debug\vc141.idb
c:\users\administrador\desktop\enginegraficos2019\graficosclase1engine\engine\debug\window.obj
c:\users\administrador\desktop\enginegraficos2019\graficosclase1engine\engine\debug\stb_image.obj
c:\users\administrador\desktop\enginegraficos2019\graficosclase1engine\engine\debug\sprite.obj
c:\users\administrador\desktop\enginegraficos2019\graficosclase1engine\engine\debug\shape.obj
c:\users\administrador\desktop\enginegraficos2019\graficosclase1engine\engine\debug\renderer.obj
c:\users\administrador\desktop\enginegraficos2019\graficosclase1engine\engine\debug\input.obj
c:\users\administrador\desktop\enginegraficos2019\graficosclase1engine\engine\debug\entity.obj
c:\users\administrador\desktop\enginegraficos2019\graficosclase1engine\engine\debug\engine.obj
c:\users\administrador\desktop\enginegraficos2019\graficosclase1engine\engine\debug\animation.obj
c:\users\administrador\desktop\enginegraficos2019\graficosclase1engine\lib\engine.lib
c:\users\administrador\desktop\enginegraficos2019\graficosclase1engine\lib\engine.exp
c:\users\administrador\desktop\enginegraficos2019\graficosclase1engine\lib\engine.ilk
c:\users\administrador\desktop\enginegraficos2019\graficosclase1engine\lib\engine.dll
c:\users\administrador\desktop\enginegraficos2019\graficosclase1engine\lib\engine.pdb
c:\users\administrador\desktop\enginegraficos2019\graficosclase1engine\engine\debug\engine.tlog\cl.command.1.tlog
c:\users\administrador\desktop\enginegraficos2019\graficosclase1engine\engine\debug\engine.tlog\cl.read.1.tlog
c:\users\administrador\desktop\enginegraficos2019\graficosclase1engine\engine\debug\engine.tlog\cl.write.1.tlog
c:\users\administrador\desktop\enginegraficos2019\graficosclase1engine\engine\debug\engine.tlog\engine.write.1u.tlog
c:\users\administrador\desktop\enginegraficos2019\graficosclase1engine\engine\debug\engine.tlog\link.command.1.tlog
c:\users\administrador\desktop\enginegraficos2019\graficosclase1engine\engine\debug\engine.tlog\link.read.1.tlog
c:\users\administrador\desktop\enginegraficos2019\graficosclase1engine\engine\debug\engine.tlog\link.write.1.tlog
