C:\Program Files (x86)\Microsoft Visual Studio\2017\Community\Common7\IDE\VC\VCTargets\Microsoft.CppBuild.targets(377,5): warning MSB8004: El directorio Output no termina con una barra diagonal final. Esta instancia de compilación agregará la barra diagonal porque es necesaria para que se pueda evaluar correctamente el directorio Output.
  Animation.cpp
  Engine.cpp
  Entity.cpp
  Input.cpp
  Renderer.cpp
c:\users\718\desktop\repo\enginegraficos2019\graficosclase1engine\engine\renderer.cpp(67): error C2065: 'entity': identificador no declarado
c:\users\718\desktop\repo\enginegraficos2019\graficosclase1engine\engine\renderer.cpp(67): error C2061: error de sintaxis: identificador 'Entity'
c:\users\718\desktop\repo\enginegraficos2019\graficosclase1engine\engine\renderer.cpp(71): error C2065: 'entity': identificador no declarado
c:\users\718\desktop\repo\enginegraficos2019\graficosclase1engine\engine\renderer.cpp(72): error C2065: 'entity': identificador no declarado
c:\users\718\desktop\repo\enginegraficos2019\graficosclase1engine\engine\renderer.cpp(73): error C2065: 'entity': identificador no declarado
c:\users\718\desktop\repo\enginegraficos2019\graficosclase1engine\engine\renderer.cpp(74): error C2065: 'entity': identificador no declarado
c:\users\718\desktop\repo\enginegraficos2019\graficosclase1engine\engine\renderer.cpp(232): error C2065: 'entity': identificador no declarado
c:\users\718\desktop\repo\enginegraficos2019\graficosclase1engine\engine\renderer.cpp(233): error C2065: 'entity': identificador no declarado
c:\users\718\desktop\repo\enginegraficos2019\graficosclase1engine\engine\renderer.cpp(234): error C2065: 'entity': identificador no declarado
  Shape.cpp
  Sprite.cpp
  stb_image.cpp
  Window.cpp
  Generando código...
